<?xml version="1.0" encoding="UTF-8"?>
<!-- Generated by org.testng.reporters.JUnitReportReporter -->
<testsuite hostname="AKASH-PC" failures="0" tests="14" name="stringsProgram.Basic" time="0.060" errors="0" timestamp="2022-01-06T17:48:22 IST" skipped="0">
  <testcase classname="stringsProgram.Basic" name="CountSamechar" time="0.020"/>
  <system-out/>
  <testcase classname="stringsProgram.Basic" name="reverseAnyOneWordString" time="0.002"/>
  <system-out/>
  <testcase classname="stringsProgram.Basic" name="SplitString" time="0.003"/>
  <system-out/>
  <testcase classname="stringsProgram.Basic" name="reverseString" time="0.007"/>
  <system-out/>
  <testcase classname="stringsProgram.Basic" name="reversewordString" time="0.003"/>
  <system-out/>
  <testcase classname="stringsProgram.Basic" name="reverseWordsString" time="0.002"/>
  <system-out/>
  <testcase classname="stringsProgram.Basic" name="PalindromeString" time="0.003"/>
  <system-out/>
  <testcase classname="stringsProgram.Basic" name="countWords" time="0.002"/>
  <system-out/>
  <testcase classname="stringsProgram.Basic" name="convertString" time="0.002"/>
  <system-out/>
  <testcase classname="stringsProgram.Basic" name="findVowel" time="0.002"/>
  <system-out/>
  <testcase classname="stringsProgram.Basic" name="removejunk" time="0.003"/>
  <system-out/>
  <testcase classname="stringsProgram.Basic" name="removeSpace" time="0.004"/>
  <system-out/>
  <testcase classname="stringsProgram.Basic" name="CountWords" time="0.002"/>
  <system-out/>
  <testcase classname="stringsProgram.Basic" name="SeperateNoAndString" time="0.005"/>
  <system-out/>
</testsuite> <!-- stringsProgram.Basic -->
