<?xml version="1.0" encoding="UTF-8"?>
<!-- Generated by org.testng.reporters.JUnitReportReporter -->
<testsuite hostname="AKASH-PC" failures="0" tests="8" name="arrayprogram.basic" time="0.038" errors="0" timestamp="2022-01-06T19:37:54 IST" skipped="0">
  <testcase classname="arrayprogram.basic" name="insertArray" time="0.013"/>
  <system-out/>
  <testcase classname="arrayprogram.basic" name="SearchArray" time="0.002"/>
  <system-out/>
  <testcase classname="arrayprogram.basic" name="EvenOdd" time="0.008"/>
  <system-out/>
  <testcase classname="arrayprogram.basic" name="equalOrNot" time="0.003"/>
  <system-out/>
  <testcase classname="arrayprogram.basic" name="missingNo" time="0.004"/>
  <system-out/>
  <testcase classname="arrayprogram.basic" name="MaxNo" time="0.004"/>
  <system-out/>
  <testcase classname="arrayprogram.basic" name="MinNo" time="0.002"/>
  <system-out/>
  <testcase classname="arrayprogram.basic" name="Duplicate" time="0.002"/>
  <system-out/>
</testsuite> <!-- arrayprogram.basic -->
